This file contains any messages produced by compilers while
running configure, to aid debugging if configure makes a mistake.

It was created by configure, which was
generated by GNU Autoconf 2.57.  Invocation command line was

  $ ./configure --build=aarch64-unknown-linux-gnu

## --------- ##
## Platform. ##
## --------- ##

hostname = Cebion-LT
uname -m = aarch64
uname -r = 5.15.153.1-microsoft-standard-WSL2
uname -s = Linux
uname -v = #1 SMP Fri Mar 29 23:14:13 UTC 2024

/usr/bin/uname -p = aarch64
/bin/uname -X     = unknown

/bin/arch              = aarch64
/usr/bin/arch -k       = unknown
/usr/convex/getsysinfo = unknown
hostinfo               = unknown
/bin/machine           = unknown
/usr/bin/oslevel       = unknown
/bin/universe          = unknown

PATH: /root/.local/bin
PATH: /root/.dotnet
PATH: /usr/local/ldc/bin
PATH: /usr/local/sbin
PATH: /usr/local/bin
PATH: /usr/sbin
PATH: /usr/bin
PATH: /sbin
PATH: /bin
PATH: /snap/bin


## ----------- ##
## Core tests. ##
## ----------- ##

configure:1499: checking build system type
configure:1517: result: aarch64-unknown-linux-gnu
configure:1525: checking host system type
configure:1539: result: aarch64-unknown-linux-gnu
configure:1547: checking target system type
configure:1561: result: aarch64-unknown-linux-gnu
configure:1606: checking for a BSD-compatible install
configure:1660: result: /usr/bin/install -c
configure:1675: checking for -p flag to install
configure:1688: result: yes
configure:1699: checking whether build environment is sane
configure:1742: result: yes
configure:1763: checking for gawk
configure:1779: found /usr/bin/gawk
configure:1789: result: gawk
configure:1799: checking whether make sets $(MAKE)
configure:1819: result: yes
configure:1967: checking for style of include used by make
configure:1995: result: GNU
configure:2121: checking for gcc
configure:2137: found /usr/bin/gcc
configure:2147: result: gcc
configure:2391: checking for C compiler version
configure:2394: gcc --version </dev/null >&5
gcc (Ubuntu 10.5.0-1ubuntu1~20.04) 10.5.0
Copyright (C) 2020 Free Software Foundation, Inc.
This is free software; see the source for copying conditions.  There is NO
warranty; not even for MERCHANTABILITY or FITNESS FOR A PARTICULAR PURPOSE.

configure:2397: $? = 0
configure:2399: gcc -v </dev/null >&5
Using built-in specs.
COLLECT_GCC=/usr/bin/gcc
COLLECT_LTO_WRAPPER=/usr/lib/gcc/aarch64-linux-gnu/10/lto-wrapper
Target: aarch64-linux-gnu
Configured with: ../src/configure -v --with-pkgversion='Ubuntu 10.5.0-1ubuntu1~20.04' --with-bugurl=file:///usr/share/doc/gcc-10/README.Bugs --enable-languages=c,ada,c++,go,d,fortran,objc,obj-c++,m2 --prefix=/usr --with-gcc-major-version-only --program-suffix=-10 --program-prefix=aarch64-linux-gnu- --enable-shared --enable-linker-build-id --libexecdir=/usr/lib --without-included-gettext --enable-threads=posix --libdir=/usr/lib --enable-nls --enable-bootstrap --enable-clocale=gnu --enable-libstdcxx-debug --enable-libstdcxx-time=yes --with-default-libstdcxx-abi=new --enable-gnu-unique-object --disable-libquadmath --disable-libquadmath-support --enable-plugin --enable-default-pie --with-system-zlib --enable-libphobos-checking=release --with-target-system-zlib=auto --enable-objc-gc=auto --enable-multiarch --enable-fix-cortex-a53-843419 --disable-werror --enable-checking=release --build=aarch64-linux-gnu --host=aarch64-linux-gnu --target=aarch64-linux-gnu --with-build-config=bootstrap-lto-lean --enable-link-mutex
Thread model: posix
Supported LTO compression algorithms: zlib zstd
gcc version 10.5.0 (Ubuntu 10.5.0-1ubuntu1~20.04) 
configure:2402: $? = 0
configure:2404: gcc -V </dev/null >&5
gcc: error: unrecognized command-line option '-V'
gcc: fatal error: no input files
compilation terminated.
configure:2407: $? = 1
configure:2431: checking for C compiler default output
configure:2434: gcc     conftest.c  >&5
configure:2437: $? = 0
configure:2483: result: a.out
configure:2488: checking whether the C compiler works
configure:2494: ./a.out
configure:2497: $? = 0
configure:2514: result: yes
configure:2521: checking whether we are cross compiling
configure:2523: result: no
configure:2526: checking for suffix of executables
configure:2528: gcc -o conftest     conftest.c  >&5
configure:2531: $? = 0
configure:2556: result: 
configure:2562: checking for suffix of object files
configure:2584: gcc -c    conftest.c >&5
configure:2587: $? = 0
configure:2609: result: o
configure:2613: checking whether we are using the GNU C compiler
configure:2638: gcc -c    conftest.c >&5
configure:2641: $? = 0
configure:2644: test -s conftest.o
configure:2647: $? = 0
configure:2660: result: yes
configure:2666: checking whether gcc accepts -g
configure:2688: gcc -c -g  conftest.c >&5
configure:2691: $? = 0
configure:2694: test -s conftest.o
configure:2697: $? = 0
configure:2708: result: yes
configure:2725: checking for gcc option to accept ANSI C
configure:2786: gcc  -c    conftest.c >&5
configure:2789: $? = 0
configure:2792: test -s conftest.o
configure:2795: $? = 0
configure:2813: result: none needed
configure:2831: gcc -c    conftest.c >&5
conftest.c:2:3: error: unknown type name 'choke'
    2 |   choke me
      |   ^~~~~
conftest.c:2:3: error: expected '=', ',', ';', 'asm' or '__attribute__' at end of input
configure:2834: $? = 1
configure: failed program was:
| #ifndef __cplusplus
|   choke me
| #endif
configure:2945: checking dependency style of gcc
configure:3007: result: gcc3
configure:3018: checking how to run the C preprocessor
configure:3054: gcc -E  conftest.c
configure:3060: $? = 0
configure:3092: gcc -E  conftest.c
configure:3093:10: fatal error: ac_nonexistent.h: No such file or directory
 3093 | _ACEOF
      |          ^                 
compilation terminated.
configure:3098: $? = 1
configure: failed program was:
| #line 3083 "configure"
| /* confdefs.h.  */
| 
| #define PACKAGE_NAME ""
| #define PACKAGE_TARNAME ""
| #define PACKAGE_VERSION ""
| #define PACKAGE_STRING ""
| #define PACKAGE_BUGREPORT ""
| #define PACKAGE "yar"
| #define VERSION "0.99"
| /* end confdefs.h.  */
| #include <ac_nonexistent.h>
configure:3136: result: gcc -E
configure:3161: gcc -E  conftest.c
configure:3167: $? = 0
configure:3199: gcc -E  conftest.c
configure:3200:10: fatal error: ac_nonexistent.h: No such file or directory
 3200 | _ACEOF
      |          ^                 
compilation terminated.
configure:3205: $? = 1
configure: failed program was:
| #line 3190 "configure"
| /* confdefs.h.  */
| 
| #define PACKAGE_NAME ""
| #define PACKAGE_TARNAME ""
| #define PACKAGE_VERSION ""
| #define PACKAGE_STRING ""
| #define PACKAGE_BUGREPORT ""
| #define PACKAGE "yar"
| #define VERSION "0.99"
| /* end confdefs.h.  */
| #include <ac_nonexistent.h>
configure:3328: checking for g++
configure:3344: found /usr/bin/g++
configure:3354: result: g++
configure:3370: checking for C++ compiler version
configure:3373: g++ --version </dev/null >&5
g++ (Ubuntu 10.5.0-1ubuntu1~20.04) 10.5.0
Copyright (C) 2020 Free Software Foundation, Inc.
This is free software; see the source for copying conditions.  There is NO
warranty; not even for MERCHANTABILITY or FITNESS FOR A PARTICULAR PURPOSE.

configure:3376: $? = 0
configure:3378: g++ -v </dev/null >&5
Using built-in specs.
COLLECT_GCC=/usr/bin/g++
COLLECT_LTO_WRAPPER=/usr/lib/gcc/aarch64-linux-gnu/10/lto-wrapper
Target: aarch64-linux-gnu
Configured with: ../src/configure -v --with-pkgversion='Ubuntu 10.5.0-1ubuntu1~20.04' --with-bugurl=file:///usr/share/doc/gcc-10/README.Bugs --enable-languages=c,ada,c++,go,d,fortran,objc,obj-c++,m2 --prefix=/usr --with-gcc-major-version-only --program-suffix=-10 --program-prefix=aarch64-linux-gnu- --enable-shared --enable-linker-build-id --libexecdir=/usr/lib --without-included-gettext --enable-threads=posix --libdir=/usr/lib --enable-nls --enable-bootstrap --enable-clocale=gnu --enable-libstdcxx-debug --enable-libstdcxx-time=yes --with-default-libstdcxx-abi=new --enable-gnu-unique-object --disable-libquadmath --disable-libquadmath-support --enable-plugin --enable-default-pie --with-system-zlib --enable-libphobos-checking=release --with-target-system-zlib=auto --enable-objc-gc=auto --enable-multiarch --enable-fix-cortex-a53-843419 --disable-werror --enable-checking=release --build=aarch64-linux-gnu --host=aarch64-linux-gnu --target=aarch64-linux-gnu --with-build-config=bootstrap-lto-lean --enable-link-mutex
Thread model: posix
Supported LTO compression algorithms: zlib zstd
gcc version 10.5.0 (Ubuntu 10.5.0-1ubuntu1~20.04) 
configure:3381: $? = 0
configure:3383: g++ -V </dev/null >&5
g++: error: unrecognized command-line option '-V'
g++: fatal error: no input files
compilation terminated.
configure:3386: $? = 1
configure:3389: checking whether we are using the GNU C++ compiler
configure:3414: g++ -c    conftest.cc >&5
configure:3417: $? = 0
configure:3420: test -s conftest.o
configure:3423: $? = 0
configure:3436: result: yes
configure:3442: checking whether g++ accepts -g
configure:3464: g++ -c -g  conftest.cc >&5
configure:3467: $? = 0
configure:3470: test -s conftest.o
configure:3473: $? = 0
configure:3484: result: yes
configure:3528: g++ -c    conftest.cc >&5
configure:3531: $? = 0
configure:3534: test -s conftest.o
configure:3537: $? = 0
configure:3564: g++ -c    conftest.cc >&5
configure: In function 'int main()':
configure:3561:1: error: 'exit' was not declared in this scope
 3561 |   ;
      | ^ ~ 
configure:3567: $? = 1
configure: failed program was:
| #line 3547 "configure"
| /* confdefs.h.  */
| 
| #define PACKAGE_NAME ""
| #define PACKAGE_TARNAME ""
| #define PACKAGE_VERSION ""
| #define PACKAGE_STRING ""
| #define PACKAGE_BUGREPORT ""
| #define PACKAGE "yar"
| #define VERSION "0.99"
| /* end confdefs.h.  */
| 
| int
| main ()
| {
| exit (42);
|   ;
|   return 0;
| }
configure:3528: g++ -c    conftest.cc >&5
configure:3531: $? = 0
configure:3534: test -s conftest.o
configure:3537: $? = 0
configure:3564: g++ -c    conftest.cc >&5
configure:3567: $? = 0
configure:3570: test -s conftest.o
configure:3573: $? = 0
configure:3598: checking dependency style of g++
configure:3660: result: gcc3
configure:3944: checking whether g++ supports -Wundef
configure:3981: rm -rf SunWS_cache; g++ -o conftest -Wall -pedantic -W -Wpointer-arith -Wmissing-prototypes -Wwrite-strings -ansi -D_XOPEN_SOURCE=500 -D_BSD_SOURCE -Wcast-align -Wconversion -O2   -Wundef   conftest.cc  1>&5
cc1plus: warning: command-line option '-Wmissing-prototypes' is valid for C/ObjC but not for C++
In file included from /usr/include/aarch64-linux-gnu/c++/10/bits/os_defines.h:39,
                 from /usr/include/aarch64-linux-gnu/c++/10/bits/c++config.h:522,
                 from /usr/include/c++/10/cstdlib:41,
                 from /usr/include/c++/10/stdlib.h:36,
                 from configure:3974:
/usr/include/features.h:187:3: warning: #warning "_BSD_SOURCE and _SVID_SOURCE are deprecated, use _DEFAULT_SOURCE" [-Wcpp]
  187 | # warning "_BSD_SOURCE and _SVID_SOURCE are deprecated, use _DEFAULT_SOURCE"
      |   ^~~~~~~
configure:3984: $? = 0
configure:3987: test -s conftest
configure:3990: $? = 0
configure:4010: result: yes
configure:4022: checking whether g++ supports -Wno-long-long
configure:4059: rm -rf SunWS_cache; g++ -o conftest -Wundef -Wall -pedantic -W -Wpointer-arith -Wmissing-prototypes -Wwrite-strings -ansi -D_XOPEN_SOURCE=500 -D_BSD_SOURCE -Wcast-align -Wconversion -O2   -Wno-long-long   conftest.cc  1>&5
cc1plus: warning: command-line option '-Wmissing-prototypes' is valid for C/ObjC but not for C++
In file included from /usr/include/aarch64-linux-gnu/c++/10/bits/os_defines.h:39,
                 from /usr/include/aarch64-linux-gnu/c++/10/bits/c++config.h:522,
                 from /usr/include/c++/10/cstdlib:41,
                 from /usr/include/c++/10/stdlib.h:36,
                 from configure:4052:
/usr/include/features.h:187:3: warning: #warning "_BSD_SOURCE and _SVID_SOURCE are deprecated, use _DEFAULT_SOURCE" [-Wcpp]
  187 | # warning "_BSD_SOURCE and _SVID_SOURCE are deprecated, use _DEFAULT_SOURCE"
      |   ^~~~~~~
configure:4062: $? = 0
configure:4065: test -s conftest
configure:4068: $? = 0
configure:4088: result: yes
configure:4100: checking whether g++ supports -Wnon-virtual-dtor
configure:4137: rm -rf SunWS_cache; g++ -o conftest -Wno-long-long -Wundef -Wall -pedantic -W -Wpointer-arith -Wmissing-prototypes -Wwrite-strings -ansi -D_XOPEN_SOURCE=500 -D_BSD_SOURCE -Wcast-align -Wconversion -O2   -Wnon-virtual-dtor   conftest.cc  1>&5
cc1plus: warning: command-line option '-Wmissing-prototypes' is valid for C/ObjC but not for C++
In file included from /usr/include/aarch64-linux-gnu/c++/10/bits/os_defines.h:39,
                 from /usr/include/aarch64-linux-gnu/c++/10/bits/c++config.h:522,
                 from /usr/include/c++/10/cstdlib:41,
                 from /usr/include/c++/10/stdlib.h:36,
                 from configure:4130:
/usr/include/features.h:187:3: warning: #warning "_BSD_SOURCE and _SVID_SOURCE are deprecated, use _DEFAULT_SOURCE" [-Wcpp]
  187 | # warning "_BSD_SOURCE and _SVID_SOURCE are deprecated, use _DEFAULT_SOURCE"
      |   ^~~~~~~
configure:4140: $? = 0
configure:4143: test -s conftest
configure:4146: $? = 0
configure:4166: result: yes
configure:4186: checking whether g++ supports -fno-exceptions
configure:4223: rm -rf SunWS_cache; g++ -o conftest -Wnon-virtual-dtor -Wno-long-long -Wundef -Wall -pedantic -W -Wpointer-arith -Wmissing-prototypes -Wwrite-strings -ansi -D_XOPEN_SOURCE=500 -D_BSD_SOURCE -Wcast-align -Wconversion -O2   -fno-exceptions   conftest.cc  1>&5
cc1plus: warning: command-line option '-Wmissing-prototypes' is valid for C/ObjC but not for C++
In file included from /usr/include/aarch64-linux-gnu/c++/10/bits/os_defines.h:39,
                 from /usr/include/aarch64-linux-gnu/c++/10/bits/c++config.h:522,
                 from /usr/include/c++/10/cstdlib:41,
                 from /usr/include/c++/10/stdlib.h:36,
                 from configure:4216:
/usr/include/features.h:187:3: warning: #warning "_BSD_SOURCE and _SVID_SOURCE are deprecated, use _DEFAULT_SOURCE" [-Wcpp]
  187 | # warning "_BSD_SOURCE and _SVID_SOURCE are deprecated, use _DEFAULT_SOURCE"
      |   ^~~~~~~
configure:4226: $? = 0
configure:4229: test -s conftest
configure:4232: $? = 0
configure:4252: result: yes
configure:4264: checking whether g++ supports -fno-check-new
configure:4301: rm -rf SunWS_cache; g++ -o conftest -Wnon-virtual-dtor -Wno-long-long -Wundef -Wall -pedantic -W -Wpointer-arith -Wmissing-prototypes -Wwrite-strings -ansi -D_XOPEN_SOURCE=500 -D_BSD_SOURCE -Wcast-align -Wconversion -O2   -fno-exceptions -fno-check-new   conftest.cc  1>&5
cc1plus: warning: command-line option '-Wmissing-prototypes' is valid for C/ObjC but not for C++
In file included from /usr/include/aarch64-linux-gnu/c++/10/bits/os_defines.h:39,
                 from /usr/include/aarch64-linux-gnu/c++/10/bits/c++config.h:522,
                 from /usr/include/c++/10/cstdlib:41,
                 from /usr/include/c++/10/stdlib.h:36,
                 from configure:4294:
/usr/include/features.h:187:3: warning: #warning "_BSD_SOURCE and _SVID_SOURCE are deprecated, use _DEFAULT_SOURCE" [-Wcpp]
  187 | # warning "_BSD_SOURCE and _SVID_SOURCE are deprecated, use _DEFAULT_SOURCE"
      |   ^~~~~~~
configure:4304: $? = 0
configure:4307: test -s conftest
configure:4310: $? = 0
configure:4330: result: yes
configure:4342: checking whether g++ supports -fexceptions
configure:4379: rm -rf SunWS_cache; g++ -o conftest -Wnon-virtual-dtor -Wno-long-long -Wundef -Wall -pedantic -W -Wpointer-arith -Wmissing-prototypes -Wwrite-strings -ansi -D_XOPEN_SOURCE=500 -D_BSD_SOURCE -Wcast-align -Wconversion -O2   -fno-exceptions -fno-check-new -fexceptions   conftest.cc  1>&5
cc1plus: warning: command-line option '-Wmissing-prototypes' is valid for C/ObjC but not for C++
In file included from /usr/include/aarch64-linux-gnu/c++/10/bits/os_defines.h:39,
                 from /usr/include/aarch64-linux-gnu/c++/10/bits/c++config.h:522,
                 from /usr/include/c++/10/cstdlib:41,
                 from /usr/include/c++/10/stdlib.h:36,
                 from configure:4372:
/usr/include/features.h:187:3: warning: #warning "_BSD_SOURCE and _SVID_SOURCE are deprecated, use _DEFAULT_SOURCE" [-Wcpp]
  187 | # warning "_BSD_SOURCE and _SVID_SOURCE are deprecated, use _DEFAULT_SOURCE"
      |   ^~~~~~~
configure:4382: $? = 0
configure:4385: test -s conftest
configure:4388: $? = 0
configure:4408: result: yes
configure:5009: checking how to run the C++ preprocessor
configure:5041: g++ -E  conftest.cc
configure:5047: $? = 0
configure:5079: g++ -E  conftest.cc
configure:5083:10: fatal error: ac_nonexistent.h: No such file or directory
 5083 |   ac_status=$?
      |          ^~~~~             
compilation terminated.
configure:5085: $? = 1
configure: failed program was:
| #line 5070 "configure"
| /* confdefs.h.  */
| 
| #define PACKAGE_NAME ""
| #define PACKAGE_TARNAME ""
| #define PACKAGE_VERSION ""
| #define PACKAGE_STRING ""
| #define PACKAGE_BUGREPORT ""
| #define PACKAGE "yar"
| #define VERSION "0.99"
| #ifdef __cplusplus
| #include <stdlib.h>
| #endif
| /* end confdefs.h.  */
| #include <ac_nonexistent.h>
configure:5123: result: g++ -E
configure:5148: g++ -E  conftest.cc
configure:5154: $? = 0
configure:5186: g++ -E  conftest.cc
configure:5190:10: fatal error: ac_nonexistent.h: No such file or directory
 5190 |   ac_status=$?
      |          ^~~~~             
compilation terminated.
configure:5192: $? = 1
configure: failed program was:
| #line 5177 "configure"
| /* confdefs.h.  */
| 
| #define PACKAGE_NAME ""
| #define PACKAGE_TARNAME ""
| #define PACKAGE_VERSION ""
| #define PACKAGE_STRING ""
| #define PACKAGE_BUGREPORT ""
| #define PACKAGE "yar"
| #define VERSION "0.99"
| #ifdef __cplusplus
| #include <stdlib.h>
| #endif
| /* end confdefs.h.  */
| #include <ac_nonexistent.h>
configure:5257: checking whether g++ supports -frepo
configure:5294: rm -rf SunWS_cache; g++ -o conftest -Wnon-virtual-dtor -Wno-long-long -Wundef -Wall -pedantic -W -Wpointer-arith -Wmissing-prototypes -Wwrite-strings -ansi -D_XOPEN_SOURCE=500 -D_BSD_SOURCE -Wcast-align -Wconversion -O2 -fno-exceptions -fno-check-new -frepo   conftest.cc  1>&5
g++: warning: switch '-frepo' is no longer supported
cc1plus: warning: command-line option '-Wmissing-prototypes' is valid for C/ObjC but not for C++
In file included from /usr/include/aarch64-linux-gnu/c++/10/bits/os_defines.h:39,
                 from /usr/include/aarch64-linux-gnu/c++/10/bits/c++config.h:522,
                 from /usr/include/c++/10/cstdlib:41,
                 from /usr/include/c++/10/stdlib.h:36,
                 from configure:5287:
/usr/include/features.h:187:3: warning: #warning "_BSD_SOURCE and _SVID_SOURCE are deprecated, use _DEFAULT_SOURCE" [-Wcpp]
  187 | # warning "_BSD_SOURCE and _SVID_SOURCE are deprecated, use _DEFAULT_SOURCE"
      |   ^~~~~~~
configure:5297: $? = 0
configure:5300: test -s conftest
configure:5303: $? = 0
configure:5323: result: yes
configure:5535: result: not using lib directory suffix
configure:5591: checking for ld used by GCC
configure:5655: result: /usr/bin/ld
configure:5664: checking if the linker (/usr/bin/ld) is GNU ld
GNU ld (GNU Binutils for Ubuntu) 2.34
configure:5676: result: yes
configure:5681: checking for /usr/bin/ld option to reload object files
configure:5688: result: -r
configure:5697: checking for BSD-compatible nm
configure:5732: result: /usr/bin/nm -B
configure:5736: checking for a sed that does not truncate output
configure:5812: result: 
configure:5815: checking whether ln -s works
configure:5819: result: yes
configure:5826: checking how to recognise dependant libraries
configure:6013: result: file_magic ELF [0-9][0-9]*-bit [LM]SB (shared object|dynamic lib )
configure:6083: gcc -c -ansi -W -Wall -pedantic -Wshadow -Wpointer-arith -Wmissing-prototypes -Wwrite-strings -D_XOPEN_SOURCE=500 -D_BSD_SOURCE -O2    conftest.c >&5
configure:6086: $? = 0
configure:6172: checking for egrep
configure:6182: result: grep -E
configure:6187: checking for ANSI C header files
configure:6213: gcc -c -ansi -W -Wall -pedantic -Wshadow -Wpointer-arith -Wmissing-prototypes -Wwrite-strings -D_XOPEN_SOURCE=500 -D_BSD_SOURCE -O2    conftest.c >&5
In file included from /usr/include/aarch64-linux-gnu/bits/libc-header-start.h:33,
                 from /usr/include/stdlib.h:25,
                 from configure:6207:
/usr/include/features.h:187:3: warning: #warning "_BSD_SOURCE and _SVID_SOURCE are deprecated, use _DEFAULT_SOURCE" [-Wcpp]
  187 | # warning "_BSD_SOURCE and _SVID_SOURCE are deprecated, use _DEFAULT_SOURCE"
      |   ^~~~~~~
configure:6216: $? = 0
configure:6219: test -s conftest.o
configure:6222: $? = 0
configure:6314: gcc -o conftest -ansi -W -Wall -pedantic -Wshadow -Wpointer-arith -Wmissing-prototypes -Wwrite-strings -D_XOPEN_SOURCE=500 -D_BSD_SOURCE -O2     conftest.c  >&5
In file included from /usr/include/ctype.h:25,
                 from configure:6297:
/usr/include/features.h:187:3: warning: #warning "_BSD_SOURCE and _SVID_SOURCE are deprecated, use _DEFAULT_SOURCE" [-Wcpp]
  187 | # warning "_BSD_SOURCE and _SVID_SOURCE are deprecated, use _DEFAULT_SOURCE"
      |   ^~~~~~~
configure: In function 'main':
configure:6314:7: warning: implicit declaration of function 'exit' [-Wimplicit-function-declaration]
 6314 | _ACEOF
      |       ^   
configure:6314:7: warning: incompatible implicit declaration of built-in function 'exit'
configure:6298:1: note: include '<stdlib.h>' or provide a declaration of 'exit'
 6297 |                    (('a' <= (c) && (c) <= 'i') \
  +++ |+#include <stdlib.h>
 6298 |                      || ('j' <= (c) && (c) <= 'r') \
configure:6317: $? = 0
configure:6319: ./conftest
configure:6322: $? = 0
configure:6337: result: yes
configure:6361: checking for sys/types.h
configure:6378: gcc -c -ansi -W -Wall -pedantic -Wshadow -Wpointer-arith -Wmissing-prototypes -Wwrite-strings -D_XOPEN_SOURCE=500 -D_BSD_SOURCE -O2    conftest.c >&5
In file included from /usr/include/aarch64-linux-gnu/bits/libc-header-start.h:33,
                 from /usr/include/stdio.h:27,
                 from configure:6382:
/usr/include/features.h:187:3: warning: #warning "_BSD_SOURCE and _SVID_SOURCE are deprecated, use _DEFAULT_SOURCE" [-Wcpp]
  187 | # warning "_BSD_SOURCE and _SVID_SOURCE are deprecated, use _DEFAULT_SOURCE"
      |   ^~~~~~~
configure:6381: $? = 0
configure:6384: test -s conftest.o
configure:6387: $? = 0
configure:6398: result: yes
configure:6361: checking for sys/stat.h
configure:6378: gcc -c -ansi -W -Wall -pedantic -Wshadow -Wpointer-arith -Wmissing-prototypes -Wwrite-strings -D_XOPEN_SOURCE=500 -D_BSD_SOURCE -O2    conftest.c >&5
In file included from /usr/include/aarch64-linux-gnu/bits/libc-header-start.h:33,
                 from /usr/include/stdio.h:27,
                 from configure:6383:
/usr/include/features.h:187:3: warning: #warning "_BSD_SOURCE and _SVID_SOURCE are deprecated, use _DEFAULT_SOURCE" [-Wcpp]
  187 | # warning "_BSD_SOURCE and _SVID_SOURCE are deprecated, use _DEFAULT_SOURCE"
      |   ^~~~~~~
configure:6381: $? = 0
configure:6384: test -s conftest.o
configure:6387: $? = 0
configure:6398: result: yes
configure:6361: checking for stdlib.h
configure:6378: gcc -c -ansi -W -Wall -pedantic -Wshadow -Wpointer-arith -Wmissing-prototypes -Wwrite-strings -D_XOPEN_SOURCE=500 -D_BSD_SOURCE -O2    conftest.c >&5
In file included from /usr/include/aarch64-linux-gnu/bits/libc-header-start.h:33,
                 from /usr/include/stdio.h:27,
                 from configure:6384:
/usr/include/features.h:187:3: warning: #warning "_BSD_SOURCE and _SVID_SOURCE are deprecated, use _DEFAULT_SOURCE" [-Wcpp]
  187 | # warning "_BSD_SOURCE and _SVID_SOURCE are deprecated, use _DEFAULT_SOURCE"
      |   ^~~~~~~
configure:6381: $? = 0
configure:6384: test -s conftest.o
configure:6387: $? = 0
configure:6398: result: yes
configure:6361: checking for string.h
configure:6378: gcc -c -ansi -W -Wall -pedantic -Wshadow -Wpointer-arith -Wmissing-prototypes -Wwrite-strings -D_XOPEN_SOURCE=500 -D_BSD_SOURCE -O2    conftest.c >&5
In file included from /usr/include/aarch64-linux-gnu/bits/libc-header-start.h:33,
                 from /usr/include/stdio.h:27,
                 from configure:6385:
/usr/include/features.h:187:3: warning: #warning "_BSD_SOURCE and _SVID_SOURCE are deprecated, use _DEFAULT_SOURCE" [-Wcpp]
  187 | # warning "_BSD_SOURCE and _SVID_SOURCE are deprecated, use _DEFAULT_SOURCE"
      |   ^~~~~~~
configure:6381: $? = 0
configure:6384: test -s conftest.o
configure:6387: $? = 0
configure:6398: result: yes
configure:6361: checking for memory.h
configure:6378: gcc -c -ansi -W -Wall -pedantic -Wshadow -Wpointer-arith -Wmissing-prototypes -Wwrite-strings -D_XOPEN_SOURCE=500 -D_BSD_SOURCE -O2    conftest.c >&5
In file included from /usr/include/aarch64-linux-gnu/bits/libc-header-start.h:33,
                 from /usr/include/stdio.h:27,
                 from configure:6386:
/usr/include/features.h:187:3: warning: #warning "_BSD_SOURCE and _SVID_SOURCE are deprecated, use _DEFAULT_SOURCE" [-Wcpp]
  187 | # warning "_BSD_SOURCE and _SVID_SOURCE are deprecated, use _DEFAULT_SOURCE"
      |   ^~~~~~~
configure:6381: $? = 0
configure:6384: test -s conftest.o
configure:6387: $? = 0
configure:6398: result: yes
configure:6361: checking for strings.h
configure:6378: gcc -c -ansi -W -Wall -pedantic -Wshadow -Wpointer-arith -Wmissing-prototypes -Wwrite-strings -D_XOPEN_SOURCE=500 -D_BSD_SOURCE -O2    conftest.c >&5
In file included from /usr/include/aarch64-linux-gnu/bits/libc-header-start.h:33,
                 from /usr/include/stdio.h:27,
                 from configure:6387:
/usr/include/features.h:187:3: warning: #warning "_BSD_SOURCE and _SVID_SOURCE are deprecated, use _DEFAULT_SOURCE" [-Wcpp]
  187 | # warning "_BSD_SOURCE and _SVID_SOURCE are deprecated, use _DEFAULT_SOURCE"
      |   ^~~~~~~
configure:6381: $? = 0
configure:6384: test -s conftest.o
configure:6387: $? = 0
configure:6398: result: yes
configure:6361: checking for inttypes.h
configure:6378: gcc -c -ansi -W -Wall -pedantic -Wshadow -Wpointer-arith -Wmissing-prototypes -Wwrite-strings -D_XOPEN_SOURCE=500 -D_BSD_SOURCE -O2    conftest.c >&5
In file included from /usr/include/aarch64-linux-gnu/bits/libc-header-start.h:33,
                 from /usr/include/stdio.h:27,
                 from configure:6388:
/usr/include/features.h:187:3: warning: #warning "_BSD_SOURCE and _SVID_SOURCE are deprecated, use _DEFAULT_SOURCE" [-Wcpp]
  187 | # warning "_BSD_SOURCE and _SVID_SOURCE are deprecated, use _DEFAULT_SOURCE"
      |   ^~~~~~~
configure:6381: $? = 0
configure:6384: test -s conftest.o
configure:6387: $? = 0
configure:6398: result: yes
configure:6361: checking for stdint.h
configure:6378: gcc -c -ansi -W -Wall -pedantic -Wshadow -Wpointer-arith -Wmissing-prototypes -Wwrite-strings -D_XOPEN_SOURCE=500 -D_BSD_SOURCE -O2    conftest.c >&5
In file included from /usr/include/aarch64-linux-gnu/bits/libc-header-start.h:33,
                 from /usr/include/stdio.h:27,
                 from configure:6389:
/usr/include/features.h:187:3: warning: #warning "_BSD_SOURCE and _SVID_SOURCE are deprecated, use _DEFAULT_SOURCE" [-Wcpp]
  187 | # warning "_BSD_SOURCE and _SVID_SOURCE are deprecated, use _DEFAULT_SOURCE"
      |   ^~~~~~~
configure:6381: $? = 0
configure:6384: test -s conftest.o
configure:6387: $? = 0
configure:6398: result: yes
configure:6361: checking for unistd.h
configure:6378: gcc -c -ansi -W -Wall -pedantic -Wshadow -Wpointer-arith -Wmissing-prototypes -Wwrite-strings -D_XOPEN_SOURCE=500 -D_BSD_SOURCE -O2    conftest.c >&5
In file included from /usr/include/aarch64-linux-gnu/bits/libc-header-start.h:33,
                 from /usr/include/stdio.h:27,
                 from configure:6390:
/usr/include/features.h:187:3: warning: #warning "_BSD_SOURCE and _SVID_SOURCE are deprecated, use _DEFAULT_SOURCE" [-Wcpp]
  187 | # warning "_BSD_SOURCE and _SVID_SOURCE are deprecated, use _DEFAULT_SOURCE"
      |   ^~~~~~~
configure:6381: $? = 0
configure:6384: test -s conftest.o
configure:6387: $? = 0
configure:6398: result: yes
configure:6424: checking dlfcn.h usability
configure:6437: gcc -c -ansi -W -Wall -pedantic -Wshadow -Wpointer-arith -Wmissing-prototypes -Wwrite-strings -D_XOPEN_SOURCE=500 -D_BSD_SOURCE -O2    conftest.c >&5
In file included from /usr/include/aarch64-linux-gnu/bits/libc-header-start.h:33,
                 from /usr/include/stdio.h:27,
                 from configure:6451:
/usr/include/features.h:187:3: warning: #warning "_BSD_SOURCE and _SVID_SOURCE are deprecated, use _DEFAULT_SOURCE" [-Wcpp]
  187 | # warning "_BSD_SOURCE and _SVID_SOURCE are deprecated, use _DEFAULT_SOURCE"
      |   ^~~~~~~
configure:6440: $? = 0
configure:6443: test -s conftest.o
configure:6446: $? = 0
configure:6456: result: yes
configure:6460: checking dlfcn.h presence
configure:6471: gcc -E  conftest.c
configure:6477: $? = 0
configure:6496: result: yes
configure:6532: checking for dlfcn.h
configure:6539: result: yes
configure:6556: checking the maximum length of command line arguments
configure:6604: result: 32768
configure:6615: checking command to parse /usr/bin/nm -B output from gcc object
configure:6700: gcc -c -ansi -W -Wall -pedantic -Wshadow -Wpointer-arith -Wmissing-prototypes -Wwrite-strings -D_XOPEN_SOURCE=500 -D_BSD_SOURCE -O2    conftest.c >&5
conftest.c:5:6: warning: no previous prototype for 'nm_test_func' [-Wmissing-prototypes]
    5 | void nm_test_func(){}
      |      ^~~~~~~~~~~~
configure:6703: $? = 0
configure:6707: /usr/bin/nm -B conftest.o \| sed -n -e 's/^.*[ 	]\([ABCDGISTW][ABCDGISTW]*\)[ 	][ 	]*\(\)\([_A-Za-z][_A-Za-z0-9]*\)$/\1 \2\3 \3/p' \> conftest.nm
configure:6710: $? = 0
configure:6762: gcc -o conftest -ansi -W -Wall -pedantic -Wshadow -Wpointer-arith -Wmissing-prototypes -Wwrite-strings -D_XOPEN_SOURCE=500 -D_BSD_SOURCE -O2     conftest.c conftstm.o >&5
configure:6765: $? = 0
configure:6803: result: ok
configure:6807: checking for objdir
configure:6822: result: .libs
configure:6912: checking for ranlib
configure:6928: found /usr/bin/ranlib
configure:6939: result: ranlib
configure:6992: checking for strip
configure:7008: found /usr/bin/strip
configure:7019: result: strip
configure:7073: checking for file
configure:7126: result: /usr/bin/file
configure:7282: checking if gcc static flag  works
conftest.c:1:1: warning: return type defaults to 'int' [-Wreturn-type]
    1 | main(){return(0);}
      | ^~~~
configure:7305: result: no
configure:7322: checking if gcc supports -fno-rtti -fno-exceptions
cc1: warning: command-line option '-fno-rtti' is valid for C++/D/ObjC++ but not for C
cc1: warning: command-line option '-fno-rtti' is valid for C++/D/ObjC++ but not for C
configure:7346: result: no
configure:7361: checking for gcc option to produce PIC
configure:7514: result: -fPIC
configure:7521: checking if gcc PIC flag -fPIC works
configure:7545: result: yes
configure:7569: checking if gcc supports -c -o file.o
configure:7610: result: yes
configure:7636: checking whether the gcc linker (/usr/bin/ld) supports shared libraries
configure:8419: result: yes
configure:8441: checking whether -lc should be explicitly linked in
configure:8446: gcc -c -ansi -W -Wall -pedantic -Wshadow -Wpointer-arith -Wmissing-prototypes -Wwrite-strings -D_XOPEN_SOURCE=500 -D_BSD_SOURCE -O2    conftest.c >&5
conftest.c:1:12: warning: 'dummy' defined but not used [-Wunused-variable]
    1 | static int dummy;
      |            ^~~~~
configure:8449: $? = 0
configure:8463: gcc -shared conftest.o  -v -Wl,-soname -Wl,conftest -o conftest 2\>\&1 \| grep  -lc  \>/dev/null 2\>\&1
configure:8466: $? = 0
configure:8478: result: no
configure:8484: checking how to hardcode library paths into programs
configure:8508: result: immediate
configure:8522: checking whether stripping libraries is possible
configure:8527: result: yes
configure:8534: checking dynamic linker characteristics
configure:8985: result: GNU/Linux ld.so
configure:9638: checking if libtool supports shared libraries
configure:9640: result: yes
configure:9643: checking whether to build shared libraries
configure:9664: result: yes
configure:9667: checking whether to build static libraries
configure:9671: result: no
configure:9750: creating libtool
configure:10475: checking whether the g++ linker (/usr/bin/ld) supports shared libraries
configure:11130: result: yes
configure:11147: g++ -c -Wnon-virtual-dtor -Wno-long-long -Wundef -Wall -pedantic -W -Wpointer-arith -Wmissing-prototypes -Wwrite-strings -ansi -D_XOPEN_SOURCE=500 -D_BSD_SOURCE -Wcast-align -Wconversion -O2 -fno-exceptions -fno-check-new  conftest.cc >&5
cc1plus: warning: command-line option '-Wmissing-prototypes' is valid for C/ObjC but not for C++
configure:11150: $? = 0
configure:11250: checking for g++ option to produce PIC
configure:11486: result: -fPIC
configure:11493: checking if g++ PIC flag -fPIC works
cc1plus: warning: command-line option '-Wmissing-prototypes' is valid for C/ObjC but not for C++
configure:11517: result: no
configure:11541: checking if g++ supports -c -o file.o
cc1plus: warning: command-line option '-Wmissing-prototypes' is valid for C/ObjC but not for C++
configure:11582: result: no
configure:11608: checking whether the g++ linker (/usr/bin/ld) supports shared libraries
configure:11630: result: yes
configure:11652: checking whether -lc should be explicitly linked in
configure:11657: g++ -c -Wnon-virtual-dtor -Wno-long-long -Wundef -Wall -pedantic -W -Wpointer-arith -Wmissing-prototypes -Wwrite-strings -ansi -D_XOPEN_SOURCE=500 -D_BSD_SOURCE -Wcast-align -Wconversion -O2 -fno-exceptions -fno-check-new  conftest.cc >&5
cc1plus: warning: command-line option '-Wmissing-prototypes' is valid for C/ObjC but not for C++
conftest.cc:1:12: warning: 'dummy' defined but not used [-Wunused-variable]
    1 | static int dummy;
      |            ^~~~~
configure:11660: $? = 0
configure:11674: g++ -shared -nostdlib  conftest.o   -v -Wl,-soname -Wl,conftest -o conftest 2\>\&1 \| grep  -lc  \>/dev/null 2\>\&1
configure:11677: $? = 1
configure:11689: result: yes
configure:11695: checking how to hardcode library paths into programs
configure:11719: result: immediate
configure:11733: checking whether stripping libraries is possible
configure:11738: result: yes
configure:11745: checking dynamic linker characteristics
configure:12196: result: GNU/Linux ld.so
configure:13265: checking if gcj supports -fno-rtti -fno-exceptions
configure:13289: result: no
configure:13304: checking for gcj option to produce PIC
configure:13457: result: -fPIC
configure:13464: checking if gcj PIC flag -fPIC works
configure:13488: result: no
configure:13512: checking if gcj supports -c -o file.o
configure:13553: result: no
configure:13579: checking whether the gcj linker (/usr/bin/ld) supports shared libraries
configure:14362: result: yes
configure:14384: checking whether -lc should be explicitly linked in
configure:14389: gcj -c -ansi -W -Wall -pedantic -Wshadow -Wpointer-arith -Wmissing-prototypes -Wwrite-strings -D_XOPEN_SOURCE=500 -D_BSD_SOURCE -O2    conftest.java >&5
./configure: line 14390: gcj: command not found
configure:14392: $? = 127
configure:14421: result: yes
configure:14427: checking how to hardcode library paths into programs
configure:14451: result: immediate
configure:14465: checking whether stripping libraries is possible
configure:14470: result: yes
configure:14477: checking dynamic linker characteristics
configure:14928: result: GNU/Linux ld.so
configure:16473: checking for extra includes
configure:16501: result: no
configure:16505: checking for extra libs
configure:16534: result: no
configure:16585: checking for sdl-config
configure:16603: found /usr/bin/sdl-config
configure:16616: result: /usr/bin/sdl-config
configure:16624: checking for SDL - version >= 1.2.0
configure:16715: gcc -o conftest -ansi -W -Wall -pedantic -Wshadow -Wpointer-arith -Wmissing-prototypes -Wwrite-strings -D_XOPEN_SOURCE=500 -D_BSD_SOURCE -O2   -I/usr/include/SDL -D_GNU_SOURCE=1 -D_REENTRANT   conftest.c  -L/usr/lib/aarch64-linux-gnu -lSDL >&5
In file included from /usr/include/aarch64-linux-gnu/bits/libc-header-start.h:33,
                 from /usr/include/stdio.h:27,
                 from configure:16675:
/usr/include/features.h:187:3: warning: #warning "_BSD_SOURCE and _SVID_SOURCE are deprecated, use _DEFAULT_SOURCE" [-Wcpp]
  187 | # warning "_BSD_SOURCE and _SVID_SOURCE are deprecated, use _DEFAULT_SOURCE"
      |   ^~~~~~~
configure:16681:1: warning: no previous prototype for 'my_strdup' [-Wmissing-prototypes]
16681 |   int major, minor, micro;
      | ^ ~~~~~~~
configure: In function 'main':
configure:16707:27: warning: passing argument 1 of 'my_strdup' discards 'const' qualifier from pointer target type [-Wdiscarded-qualifiers]
16707 |       printf("*** If sdl-config was wrong, set the environment variable SDL_CONFIG\n");
      |                           ^~~~~~~
configure:16681:18: note: expected 'char *' but argument is of type 'const char *'
16681 |   int major, minor, micro;
      |            ~~~~~~^~~
configure:16696:15: warning: unused parameter 'argc' [-Wunused-parameter]
16696 |    if (($sdl_major_version > major) ||
      |           ~~~~^~~~
configure:16696:27: warning: unused parameter 'argv' [-Wunused-parameter]
16696 |    if (($sdl_major_version > major) ||
      |                     ~~~~~~^~~~~~
configure:16718: $? = 0
configure:16720: ./conftest
configure:16723: $? = 0
configure:16741: result: yes
configure:16852: checking if yar should be compiled
configure:16864: result: yes
configure:16980: creating ./config.status

## ---------------------- ##
## Running config.status. ##
## ---------------------- ##

This file was extended by config.status, which was
generated by GNU Autoconf 2.57.  Invocation command line was

  CONFIG_FILES    = 
  CONFIG_HEADERS  = 
  CONFIG_LINKS    = 
  CONFIG_COMMANDS = 
  $ ./config.status 

on Cebion-LT

config.status:614: creating config.h
config.status:831: executing default-1 commands

## ---------------- ##
## Cache variables. ##
## ---------------- ##

ac_cv_build=aarch64-unknown-linux-gnu
ac_cv_build_alias=aarch64-unknown-linux-gnu
ac_cv_c_compiler_gnu=yes
ac_cv_cxx_compiler_gnu=yes
ac_cv_env_CC_set=
ac_cv_env_CC_value=
ac_cv_env_CFLAGS_set=
ac_cv_env_CFLAGS_value=
ac_cv_env_CPPFLAGS_set=
ac_cv_env_CPPFLAGS_value=
ac_cv_env_CPP_set=
ac_cv_env_CPP_value=
ac_cv_env_CXXCPP_set=
ac_cv_env_CXXCPP_value=
ac_cv_env_CXXFLAGS_set=
ac_cv_env_CXXFLAGS_value=
ac_cv_env_CXX_set=
ac_cv_env_CXX_value=
ac_cv_env_LDFLAGS_set=
ac_cv_env_LDFLAGS_value=
ac_cv_env_build_alias_set=set
ac_cv_env_build_alias_value=aarch64-unknown-linux-gnu
ac_cv_env_host_alias_set=
ac_cv_env_host_alias_value=
ac_cv_env_target_alias_set=
ac_cv_env_target_alias_value=
ac_cv_exeext=
ac_cv_header_dlfcn_h=yes
ac_cv_header_inttypes_h=yes
ac_cv_header_memory_h=yes
ac_cv_header_stdc=yes
ac_cv_header_stdint_h=yes
ac_cv_header_stdlib_h=yes
ac_cv_header_string_h=yes
ac_cv_header_strings_h=yes
ac_cv_header_sys_stat_h=yes
ac_cv_header_sys_types_h=yes
ac_cv_header_unistd_h=yes
ac_cv_host=aarch64-unknown-linux-gnu
ac_cv_host_alias=aarch64-unknown-linux-gnu
ac_cv_objext=o
ac_cv_path_SDL_CONFIG=/usr/bin/sdl-config
ac_cv_path_install='/usr/bin/install -c'
ac_cv_prog_AWK=gawk
ac_cv_prog_CPP='gcc -E'
ac_cv_prog_CXXCPP='g++ -E'
ac_cv_prog_ac_ct_CC=gcc
ac_cv_prog_ac_ct_CXX=g++
ac_cv_prog_ac_ct_RANLIB=ranlib
ac_cv_prog_ac_ct_STRIP=strip
ac_cv_prog_cc_g=yes
ac_cv_prog_cc_stdc=
ac_cv_prog_cxx_g=yes
ac_cv_prog_egrep='grep -E'
ac_cv_prog_make_make_set=yes
ac_cv_target=aarch64-unknown-linux-gnu
ac_cv_target_alias=aarch64-unknown-linux-gnu
am_cv_CC_dependencies_compiler_type=gcc3
am_cv_CXX_dependencies_compiler_type=gcc3
kde_cv_prog_cxx_Wno_long_long=yes
kde_cv_prog_cxx_Wnon_virtual_dtor=yes
kde_cv_prog_cxx_Wundef=yes
kde_cv_prog_cxx_fexceptions=yes
kde_cv_prog_cxx_fno_check_new=yes
kde_cv_prog_cxx_fno_exceptions=yes
kde_cv_prog_cxx_frepo=yes
lt_cv_deplibs_check_method='file_magic ELF [0-9][0-9]*-bit [LM]SB (shared object|dynamic lib )'
lt_cv_file_magic_cmd='$MAGIC_CMD'
lt_cv_file_magic_test_file='/lib/libc.so* /lib/libc-*.so'
lt_cv_ld_reload_flag=-r
lt_cv_objdir=.libs
lt_cv_path_LD=/usr/bin/ld
lt_cv_path_MAGIC_CMD=/usr/bin/file
lt_cv_path_NM='/usr/bin/nm -B'
lt_cv_path_SED=/usr/bin/sed
lt_cv_prog_compiler_c_o=yes
lt_cv_prog_compiler_c_o_CXX=no
lt_cv_prog_compiler_c_o_GCJ=no
lt_cv_prog_compiler_rtti_exceptions=no
lt_cv_prog_gnu_ld=yes
lt_cv_sys_global_symbol_pipe='sed -n -e '\''s/^.*[ 	]\([ABCDGISTW][ABCDGISTW]*\)[ 	][ 	]*\(\)\([_A-Za-z][_A-Za-z0-9]*\)$/\1 \2\3 \3/p'\'''
lt_cv_sys_global_symbol_to_c_name_address='sed -n -e '\''s/^: \([^ ]*\) $/  {\"\1\", (lt_ptr) 0},/p'\'' -e '\''s/^[BCDEGRST] \([^ ]*\) \([^ ]*\)$/  {"\2", (lt_ptr) \&\2},/p'\'''
lt_cv_sys_global_symbol_to_cdecl='sed -n -e '\''s/^. .* \(.*\)$/extern int \1;/p'\'''
lt_cv_sys_max_cmd_len=32768
lt_lt_cv_prog_compiler_c_o='"yes"'
lt_lt_cv_prog_compiler_c_o_CXX='"no"'
lt_lt_cv_prog_compiler_c_o_GCJ='"no"'
lt_lt_cv_sys_global_symbol_pipe='"sed -n -e '\''s/^.*[ 	]\\([ABCDGISTW][ABCDGISTW]*\\)[ 	][ 	]*\\(\\)\\([_A-Za-z][_A-Za-z0-9]*\\)\$/\\1 \\2\\3 \\3/p'\''"'
lt_lt_cv_sys_global_symbol_to_c_name_address='"sed -n -e '\''s/^: \\([^ ]*\\) \$/  {\\\"\\1\\\", (lt_ptr) 0},/p'\'' -e '\''s/^[BCDEGRST] \\([^ ]*\\) \\([^ ]*\\)\$/  {\"\\2\", (lt_ptr) \\&\\2},/p'\''"'
lt_lt_cv_sys_global_symbol_to_cdecl='"sed -n -e '\''s/^. .* \\(.*\\)\$/extern int \\1;/p'\''"'

## ----------------- ##
## Output variables. ##
## ----------------- ##

ACLOCAL='${SHELL} /root/compile/yar/yar-0.99/admin/missing --run aclocal'
AMDEPBACKSLASH='\'
AMDEP_FALSE='#'
AMDEP_TRUE=''
AMTAR='${SHELL} /root/compile/yar/yar-0.99/admin/missing --run tar'
AUTOCONF='${SHELL} /root/compile/yar/yar-0.99/admin/missing --run autoconf'
AUTODIRS=''
AUTOHEADER='${SHELL} /root/compile/yar/yar-0.99/admin/missing --run autoheader'
AUTOMAKE='${SHELL} /root/compile/yar/yar-0.99/admin/missing --run automake'
AWK='gawk'
CC='gcc'
CCDEPMODE='depmode=gcc3'
CFLAGS='-ansi -W -Wall -pedantic -Wshadow -Wpointer-arith -Wmissing-prototypes -Wwrite-strings -D_XOPEN_SOURCE=500 -D_BSD_SOURCE -O2   -I/usr/include/SDL -D_GNU_SOURCE=1 -D_REENTRANT'
CONF_FILES=' $(top_srcdir)/configure.in.in'
CPP='gcc -E'
CPPFLAGS=''
CXX='g++'
CXXCPP='g++ -E'
CXXDEPMODE='depmode=gcc3'
CXXFLAGS='-Wnon-virtual-dtor -Wno-long-long -Wundef -Wall -pedantic -W -Wpointer-arith -Wmissing-prototypes -Wwrite-strings -ansi -D_XOPEN_SOURCE=500 -D_BSD_SOURCE -Wcast-align -Wconversion -O2 -fno-exceptions -fno-check-new -I/usr/include/SDL -D_GNU_SOURCE=1 -D_REENTRANT'
DEFS='-DHAVE_CONFIG_H'
DEPDIR='.deps'
ECHO='echo'
ECHO_C=''
ECHO_N='-n'
ECHO_T=''
EGREP='grep -E'
EXEEXT=''
INSTALL_DATA='${INSTALL} -m 644'
INSTALL_PROGRAM='${INSTALL} $(INSTALL_STRIP_FLAG)'
INSTALL_SCRIPT='${INSTALL}'
INSTALL_STRIP_PROGRAM='${SHELL} $(install_sh) -c -s'
KDE_PLUGIN='-avoid-version -module -no-undefined $(KDE_RPATH) $(KDE_MT_LDFLAGS)'
KDE_USE_CLOSURE_FALSE='#'
KDE_USE_CLOSURE_TRUE=''
KDE_USE_FINAL_FALSE=''
KDE_USE_FINAL_TRUE='#'
LDFLAGS=''
LIBOBJS=''
LIBS=' -L/usr/lib/aarch64-linux-gnu -lSDL'
LIBTOOL='$(SHELL) $(top_builddir)/libtool --silent'
LN_S='ln -s'
LTLIBOBJS=''
MAKEINFO='${SHELL} /root/compile/yar/yar-0.99/admin/missing --run makeinfo'
NOOPT_CFLAGS='-O0'
NOOPT_CXXFLAGS='-O0'
NOREPO='-fno-repo'
OBJEXT='o'
PACKAGE='yar'
PACKAGE_BUGREPORT=''
PACKAGE_NAME=''
PACKAGE_STRING=''
PACKAGE_TARNAME=''
PACKAGE_VERSION=''
PATH_SEPARATOR=':'
RANLIB='ranlib'
REPO='-frepo'
SDL_CFLAGS='-I/usr/include/SDL -D_GNU_SOURCE=1 -D_REENTRANT'
SDL_CONFIG='/usr/bin/sdl-config'
SDL_LIBS='-L/usr/lib/aarch64-linux-gnu -lSDL'
SET_MAKE=''
SHELL='/bin/bash'
STRIP='strip'
TOPSUBDIRS=' yar'
USER_INCLUDES=''
USER_LDFLAGS=''
USE_EXCEPTIONS='-fexceptions'
USE_RTTI=''
VERSION='0.99'
WOVERLOADED_VIRTUAL=''
ac_ct_CC='gcc'
ac_ct_CXX='g++'
ac_ct_RANLIB='ranlib'
ac_ct_STRIP='strip'
all_includes=' '
all_libraries=' '
am__include='include'
am__quote=''
bindir='${exec_prefix}/bin'
build='aarch64-unknown-linux-gnu'
build_alias='aarch64-unknown-linux-gnu'
build_cpu='aarch64'
build_os='linux-gnu'
build_vendor='unknown'
datadir='${prefix}/share'
exec_prefix='${prefix}'
host='aarch64-unknown-linux-gnu'
host_alias=''
host_cpu='aarch64'
host_os='linux-gnu'
host_vendor='unknown'
includedir='${prefix}/include'
infodir='${prefix}/info'
install_sh='/root/compile/yar/yar-0.99/admin/install-sh'
libdir='${exec_prefix}/lib'
libexecdir='${exec_prefix}/libexec'
localstatedir='${prefix}/var'
mandir='${prefix}/man'
oldincludedir='/usr/include'
prefix='/usr/local'
program_transform_name='s,x,x,'
sbindir='${exec_prefix}/sbin'
sharedstatedir='${prefix}/com'
sysconfdir='${prefix}/etc'
target='aarch64-unknown-linux-gnu'
target_alias=''
target_cpu='aarch64'
target_os='linux-gnu'
target_vendor='unknown'

## ----------- ##
## confdefs.h. ##
## ----------- ##

#define HAVE_DLFCN_H 1
#define HAVE_INTTYPES_H 1
#define HAVE_MEMORY_H 1
#define HAVE_STDINT_H 1
#define HAVE_STDLIB_H 1
#define HAVE_STRINGS_H 1
#define HAVE_STRING_H 1
#define HAVE_SYS_STAT_H 1
#define HAVE_SYS_TYPES_H 1
#define HAVE_TEMPLATE_REPOSITORY 1
#define HAVE_UNISTD_H 1
#define KDELIBSUFF ""
#define PACKAGE "yar"
#define PACKAGE_BUGREPORT ""
#define PACKAGE_NAME ""
#define PACKAGE_STRING ""
#define PACKAGE_TARNAME ""
#define PACKAGE_VERSION ""
#define STDC_HEADERS 1
#define VERSION "0.99"
#endif
#ifdef __cplusplus
#include <stdlib.h>

configure: exit 0

## ---------------------- ##
## Running config.status. ##
## ---------------------- ##

This file was extended by config.status, which was
generated by GNU Autoconf 2.57.  Invocation command line was

  CONFIG_FILES    = 
  CONFIG_HEADERS  = config.h
  CONFIG_LINKS    = 
  CONFIG_COMMANDS = 
  $ ./config.status 

on Cebion-LT

config.status:614: creating config.h
config.status:725: config.h is unchanged
config.status:831: executing default-1 commands
